2019-11-10 07:48:55.222  INFO 948 --- [main] com.cw.ManyToManyTest                    : Starting ManyToManyTest on DESKTOP-64DRU9D with PID 948 (started by cwly1 in D:\idea_workspace\spring-data-demo)
2019-11-10 07:48:55.228 DEBUG 948 --- [main] com.cw.ManyToManyTest                    : Running with Spring Boot v2.2.0.RELEASE, Spring v5.2.0.RELEASE
2019-11-10 07:48:55.228  INFO 948 --- [main] com.cw.ManyToManyTest                    : The following profiles are active: dev
2019-11-10 07:48:55.765  INFO 948 --- [main] .s.d.r.c.RepositoryConfigurationDelegate : Bootstrapping Spring Data repositories in DEFAULT mode.
2019-11-10 07:48:55.823  INFO 948 --- [main] .s.d.r.c.RepositoryConfigurationDelegate : Finished Spring Data repository scanning in 50ms. Found 4 repository interfaces.
2019-11-10 07:48:56.077  INFO 948 --- [main] trationDelegate$BeanPostProcessorChecker : Bean 'org.springframework.transaction.annotation.ProxyTransactionManagementConfiguration' of type [org.springframework.transaction.annotation.ProxyTransactionManagementConfiguration] is not eligible for getting processed by all BeanPostProcessors (for example: not eligible for auto-proxying)
2019-11-10 07:48:56.222  INFO 948 --- [main] o.hibernate.jpa.internal.util.LogHelper  : HHH000204: Processing PersistenceUnitInfo [name: default]
2019-11-10 07:48:56.290  INFO 948 --- [main] org.hibernate.Version                    : HHH000412: Hibernate Core {5.4.6.Final}
2019-11-10 07:48:56.415  INFO 948 --- [main] o.hibernate.annotations.common.Version   : HCANN000001: Hibernate Commons Annotations {5.1.0.Final}
2019-11-10 07:48:57.205  INFO 948 --- [main] com.zaxxer.hikari.HikariDataSource       : HikariPool-1 - Starting...
2019-11-10 07:48:57.329  INFO 948 --- [main] com.zaxxer.hikari.HikariDataSource       : HikariPool-1 - Start completed.
2019-11-10 07:48:57.346  INFO 948 --- [main] org.hibernate.dialect.Dialect            : HHH000400: Using dialect: org.hibernate.dialect.MySQL57Dialect
2019-11-10 07:48:57.998  INFO 948 --- [main] o.h.e.t.j.p.i.JtaPlatformInitiator       : HHH000490: Using JtaPlatform implementation: [org.hibernate.engine.transaction.jta.platform.internal.NoJtaPlatform]
2019-11-10 07:48:58.004  INFO 948 --- [main] j.LocalContainerEntityManagerFactoryBean : Initialized JPA EntityManagerFactory for persistence unit 'default'
2019-11-10 07:48:58.164  WARN 948 --- [main] JpaBaseConfiguration$JpaWebConfiguration : spring.jpa.open-in-view is enabled by default. Therefore, database queries may be performed during view rendering. Explicitly configure spring.jpa.open-in-view to disable this warning
2019-11-10 07:48:58.604  INFO 948 --- [main] o.s.s.concurrent.ThreadPoolTaskExecutor  : Initializing ExecutorService 'applicationTaskExecutor'
2019-11-10 07:48:58.824  INFO 948 --- [main] com.cw.ManyToManyTest                    : Started ManyToManyTest in 3.911 seconds (JVM running for 4.687)
2019-11-10 07:48:59.047  INFO 948 --- [SpringContextShutdownHook] o.s.s.concurrent.ThreadPoolTaskExecutor  : Shutting down ExecutorService 'applicationTaskExecutor'
2019-11-10 07:48:59.048  INFO 948 --- [SpringContextShutdownHook] j.LocalContainerEntityManagerFactoryBean : Closing JPA EntityManagerFactory for persistence unit 'default'
2019-11-10 07:48:59.050  INFO 948 --- [SpringContextShutdownHook] com.zaxxer.hikari.HikariDataSource       : HikariPool-1 - Shutdown initiated...
2019-11-10 07:48:59.059  INFO 948 --- [SpringContextShutdownHook] com.zaxxer.hikari.HikariDataSource       : HikariPool-1 - Shutdown completed.
2019-11-10 08:37:34.960  INFO 6304 --- [main] com.cw.ManyToManyTest                    : Starting ManyToManyTest on DESKTOP-64DRU9D with PID 6304 (started by cwly1 in D:\idea_workspace\spring-data-demo)
2019-11-10 08:37:34.960 DEBUG 6304 --- [main] com.cw.ManyToManyTest                    : Running with Spring Boot v2.2.0.RELEASE, Spring v5.2.0.RELEASE
2019-11-10 08:37:34.961  INFO 6304 --- [main] com.cw.ManyToManyTest                    : The following profiles are active: dev
2019-11-10 08:37:35.442  INFO 6304 --- [main] .s.d.r.c.RepositoryConfigurationDelegate : Bootstrapping Spring Data repositories in DEFAULT mode.
2019-11-10 08:37:35.502  INFO 6304 --- [main] .s.d.r.c.RepositoryConfigurationDelegate : Finished Spring Data repository scanning in 53ms. Found 4 repository interfaces.
2019-11-10 08:37:35.774  INFO 6304 --- [main] trationDelegate$BeanPostProcessorChecker : Bean 'org.springframework.transaction.annotation.ProxyTransactionManagementConfiguration' of type [org.springframework.transaction.annotation.ProxyTransactionManagementConfiguration] is not eligible for getting processed by all BeanPostProcessors (for example: not eligible for auto-proxying)
2019-11-10 08:37:35.931  INFO 6304 --- [main] o.hibernate.jpa.internal.util.LogHelper  : HHH000204: Processing PersistenceUnitInfo [name: default]
2019-11-10 08:37:35.981  INFO 6304 --- [main] org.hibernate.Version                    : HHH000412: Hibernate Core {5.4.6.Final}
2019-11-10 08:37:36.069  INFO 6304 --- [main] o.hibernate.annotations.common.Version   : HCANN000001: Hibernate Commons Annotations {5.1.0.Final}
2019-11-10 08:37:36.826  INFO 6304 --- [main] com.zaxxer.hikari.HikariDataSource       : HikariPool-1 - Starting...
2019-11-10 08:37:36.940  INFO 6304 --- [main] com.zaxxer.hikari.HikariDataSource       : HikariPool-1 - Start completed.
2019-11-10 08:37:36.953  INFO 6304 --- [main] org.hibernate.dialect.Dialect            : HHH000400: Using dialect: org.hibernate.dialect.MySQL57Dialect
2019-11-10 08:37:37.428  INFO 6304 --- [main] o.h.e.t.j.p.i.JtaPlatformInitiator       : HHH000490: Using JtaPlatform implementation: [org.hibernate.engine.transaction.jta.platform.internal.NoJtaPlatform]
2019-11-10 08:37:37.432  INFO 6304 --- [main] j.LocalContainerEntityManagerFactoryBean : Initialized JPA EntityManagerFactory for persistence unit 'default'
2019-11-10 08:37:37.584  WARN 6304 --- [main] JpaBaseConfiguration$JpaWebConfiguration : spring.jpa.open-in-view is enabled by default. Therefore, database queries may be performed during view rendering. Explicitly configure spring.jpa.open-in-view to disable this warning
2019-11-10 08:37:38.021  INFO 6304 --- [main] o.s.s.concurrent.ThreadPoolTaskExecutor  : Initializing ExecutorService 'applicationTaskExecutor'
2019-11-10 08:37:38.224  INFO 6304 --- [main] com.cw.ManyToManyTest                    : Started ManyToManyTest in 3.514 seconds (JVM running for 4.153)
2019-11-10 08:37:38.248  INFO 6304 --- [main] o.s.t.c.transaction.TransactionContext   : Began transaction (1) for test context [DefaultTestContext@4bf48f6 testClass = ManyToManyTest, testInstance = com.cw.ManyToManyTest@729c8def, testMethod = manyToManyQuery@ManyToManyTest, testException = [null], mergedContextConfiguration = [WebMergedContextConfiguration@420a85c4 testClass = ManyToManyTest, locations = '{}', classes = '{class com.cw.SpringDataJpaDemoApplication}', contextInitializerClasses = '[]', activeProfiles = '{}', propertySourceLocations = '{}', propertySourceProperties = '{org.springframework.boot.test.context.SpringBootTestContextBootstrapper=true}', contextCustomizers = set[org.springframework.boot.test.context.filter.ExcludeFilterContextCustomizer@6913c1fb, org.springframework.boot.test.json.DuplicateJsonObjectContextCustomizerFactory$DuplicateJsonObjectContextCustomizer@609cd4d8, org.springframework.boot.test.mock.mockito.MockitoContextCustomizer@0, org.springframework.boot.test.web.client.TestRestTemplateContextCustomizer@7ee8290b, org.springframework.boot.test.autoconfigure.properties.PropertyMappingContextCustomizer@0, org.springframework.boot.test.autoconfigure.web.servlet.WebDriverContextCustomizerFactory$Customizer@15ca7889], resourceBasePath = 'src/main/webapp', contextLoader = 'org.springframework.boot.test.context.SpringBootContextLoader', parent = [null]], attributes = map['org.springframework.test.context.web.ServletTestExecutionListener.activateListener' -> true, 'org.springframework.test.context.web.ServletTestExecutionListener.populatedRequestContextHolder' -> true, 'org.springframework.test.context.web.ServletTestExecutionListener.resetRequestContextHolder' -> true]]; transaction manager [org.springframework.orm.jpa.JpaTransactionManager@c85486]; rollback [true]
2019-11-10 08:37:38.387  INFO 6304 --- [main] o.s.t.c.transaction.TransactionContext   : Rolled back transaction for test: [DefaultTestContext@4bf48f6 testClass = ManyToManyTest, testInstance = com.cw.ManyToManyTest@729c8def, testMethod = manyToManyQuery@ManyToManyTest, testException = [null], mergedContextConfiguration = [WebMergedContextConfiguration@420a85c4 testClass = ManyToManyTest, locations = '{}', classes = '{class com.cw.SpringDataJpaDemoApplication}', contextInitializerClasses = '[]', activeProfiles = '{}', propertySourceLocations = '{}', propertySourceProperties = '{org.springframework.boot.test.context.SpringBootTestContextBootstrapper=true}', contextCustomizers = set[org.springframework.boot.test.context.filter.ExcludeFilterContextCustomizer@6913c1fb, org.springframework.boot.test.json.DuplicateJsonObjectContextCustomizerFactory$DuplicateJsonObjectContextCustomizer@609cd4d8, org.springframework.boot.test.mock.mockito.MockitoContextCustomizer@0, org.springframework.boot.test.web.client.TestRestTemplateContextCustomizer@7ee8290b, org.springframework.boot.test.autoconfigure.properties.PropertyMappingContextCustomizer@0, org.springframework.boot.test.autoconfigure.web.servlet.WebDriverContextCustomizerFactory$Customizer@15ca7889], resourceBasePath = 'src/main/webapp', contextLoader = 'org.springframework.boot.test.context.SpringBootContextLoader', parent = [null]], attributes = map['org.springframework.test.context.web.ServletTestExecutionListener.activateListener' -> true, 'org.springframework.test.context.web.ServletTestExecutionListener.populatedRequestContextHolder' -> true, 'org.springframework.test.context.web.ServletTestExecutionListener.resetRequestContextHolder' -> true]]
2019-11-10 08:37:38.395  INFO 6304 --- [SpringContextShutdownHook] o.s.s.concurrent.ThreadPoolTaskExecutor  : Shutting down ExecutorService 'applicationTaskExecutor'
2019-11-10 08:37:38.397  INFO 6304 --- [SpringContextShutdownHook] j.LocalContainerEntityManagerFactoryBean : Closing JPA EntityManagerFactory for persistence unit 'default'
2019-11-10 08:37:38.399  INFO 6304 --- [SpringContextShutdownHook] com.zaxxer.hikari.HikariDataSource       : HikariPool-1 - Shutdown initiated...
2019-11-10 08:37:38.407  INFO 6304 --- [SpringContextShutdownHook] com.zaxxer.hikari.HikariDataSource       : HikariPool-1 - Shutdown completed.
2019-11-10 08:40:58.695  INFO 18216 --- [main] com.cw.ManyToManyTest                    : Starting ManyToManyTest on DESKTOP-64DRU9D with PID 18216 (started by cwly1 in D:\idea_workspace\spring-data-demo)
2019-11-10 08:40:58.696 DEBUG 18216 --- [main] com.cw.ManyToManyTest                    : Running with Spring Boot v2.2.0.RELEASE, Spring v5.2.0.RELEASE
2019-11-10 08:40:58.696  INFO 18216 --- [main] com.cw.ManyToManyTest                    : The following profiles are active: dev
2019-11-10 08:40:59.190  INFO 18216 --- [main] .s.d.r.c.RepositoryConfigurationDelegate : Bootstrapping Spring Data repositories in DEFAULT mode.
2019-11-10 08:40:59.246  INFO 18216 --- [main] .s.d.r.c.RepositoryConfigurationDelegate : Finished Spring Data repository scanning in 49ms. Found 4 repository interfaces.
2019-11-10 08:40:59.504  INFO 18216 --- [main] trationDelegate$BeanPostProcessorChecker : Bean 'org.springframework.transaction.annotation.ProxyTransactionManagementConfiguration' of type [org.springframework.transaction.annotation.ProxyTransactionManagementConfiguration] is not eligible for getting processed by all BeanPostProcessors (for example: not eligible for auto-proxying)
2019-11-10 08:40:59.643  INFO 18216 --- [main] o.hibernate.jpa.internal.util.LogHelper  : HHH000204: Processing PersistenceUnitInfo [name: default]
2019-11-10 08:40:59.685  INFO 18216 --- [main] org.hibernate.Version                    : HHH000412: Hibernate Core {5.4.6.Final}
2019-11-10 08:40:59.773  INFO 18216 --- [main] o.hibernate.annotations.common.Version   : HCANN000001: Hibernate Commons Annotations {5.1.0.Final}
2019-11-10 08:41:00.541  INFO 18216 --- [main] com.zaxxer.hikari.HikariDataSource       : HikariPool-1 - Starting...
2019-11-10 08:41:00.656  INFO 18216 --- [main] com.zaxxer.hikari.HikariDataSource       : HikariPool-1 - Start completed.
2019-11-10 08:41:00.670  INFO 18216 --- [main] org.hibernate.dialect.Dialect            : HHH000400: Using dialect: org.hibernate.dialect.MySQL57Dialect
2019-11-10 08:41:01.139  INFO 18216 --- [main] o.h.e.t.j.p.i.JtaPlatformInitiator       : HHH000490: Using JtaPlatform implementation: [org.hibernate.engine.transaction.jta.platform.internal.NoJtaPlatform]
2019-11-10 08:41:01.143  INFO 18216 --- [main] j.LocalContainerEntityManagerFactoryBean : Initialized JPA EntityManagerFactory for persistence unit 'default'
2019-11-10 08:41:01.295  WARN 18216 --- [main] JpaBaseConfiguration$JpaWebConfiguration : spring.jpa.open-in-view is enabled by default. Therefore, database queries may be performed during view rendering. Explicitly configure spring.jpa.open-in-view to disable this warning
2019-11-10 08:41:01.734  INFO 18216 --- [main] o.s.s.concurrent.ThreadPoolTaskExecutor  : Initializing ExecutorService 'applicationTaskExecutor'
2019-11-10 08:41:01.937  INFO 18216 --- [main] com.cw.ManyToManyTest                    : Started ManyToManyTest in 3.486 seconds (JVM running for 4.144)
2019-11-10 08:41:01.959  INFO 18216 --- [main] o.s.t.c.transaction.TransactionContext   : Began transaction (1) for test context [DefaultTestContext@4bf48f6 testClass = ManyToManyTest, testInstance = com.cw.ManyToManyTest@1bb0fa38, testMethod = manyToManyQuery@ManyToManyTest, testException = [null], mergedContextConfiguration = [WebMergedContextConfiguration@420a85c4 testClass = ManyToManyTest, locations = '{}', classes = '{class com.cw.SpringDataJpaDemoApplication}', contextInitializerClasses = '[]', activeProfiles = '{}', propertySourceLocations = '{}', propertySourceProperties = '{org.springframework.boot.test.context.SpringBootTestContextBootstrapper=true}', contextCustomizers = set[org.springframework.boot.test.context.filter.ExcludeFilterContextCustomizer@6913c1fb, org.springframework.boot.test.json.DuplicateJsonObjectContextCustomizerFactory$DuplicateJsonObjectContextCustomizer@609cd4d8, org.springframework.boot.test.mock.mockito.MockitoContextCustomizer@0, org.springframework.boot.test.web.client.TestRestTemplateContextCustomizer@7ee8290b, org.springframework.boot.test.autoconfigure.properties.PropertyMappingContextCustomizer@0, org.springframework.boot.test.autoconfigure.web.servlet.WebDriverContextCustomizerFactory$Customizer@15ca7889], resourceBasePath = 'src/main/webapp', contextLoader = 'org.springframework.boot.test.context.SpringBootContextLoader', parent = [null]], attributes = map['org.springframework.test.context.web.ServletTestExecutionListener.activateListener' -> true, 'org.springframework.test.context.web.ServletTestExecutionListener.populatedRequestContextHolder' -> true, 'org.springframework.test.context.web.ServletTestExecutionListener.resetRequestContextHolder' -> true]]; transaction manager [org.springframework.orm.jpa.JpaTransactionManager@77988c45]; rollback [true]
2019-11-10 08:41:02.101  INFO 18216 --- [main] o.s.t.c.transaction.TransactionContext   : Rolled back transaction for test: [DefaultTestContext@4bf48f6 testClass = ManyToManyTest, testInstance = com.cw.ManyToManyTest@1bb0fa38, testMethod = manyToManyQuery@ManyToManyTest, testException = [null], mergedContextConfiguration = [WebMergedContextConfiguration@420a85c4 testClass = ManyToManyTest, locations = '{}', classes = '{class com.cw.SpringDataJpaDemoApplication}', contextInitializerClasses = '[]', activeProfiles = '{}', propertySourceLocations = '{}', propertySourceProperties = '{org.springframework.boot.test.context.SpringBootTestContextBootstrapper=true}', contextCustomizers = set[org.springframework.boot.test.context.filter.ExcludeFilterContextCustomizer@6913c1fb, org.springframework.boot.test.json.DuplicateJsonObjectContextCustomizerFactory$DuplicateJsonObjectContextCustomizer@609cd4d8, org.springframework.boot.test.mock.mockito.MockitoContextCustomizer@0, org.springframework.boot.test.web.client.TestRestTemplateContextCustomizer@7ee8290b, org.springframework.boot.test.autoconfigure.properties.PropertyMappingContextCustomizer@0, org.springframework.boot.test.autoconfigure.web.servlet.WebDriverContextCustomizerFactory$Customizer@15ca7889], resourceBasePath = 'src/main/webapp', contextLoader = 'org.springframework.boot.test.context.SpringBootContextLoader', parent = [null]], attributes = map['org.springframework.test.context.web.ServletTestExecutionListener.activateListener' -> true, 'org.springframework.test.context.web.ServletTestExecutionListener.populatedRequestContextHolder' -> true, 'org.springframework.test.context.web.ServletTestExecutionListener.resetRequestContextHolder' -> true]]
2019-11-10 08:41:02.113  INFO 18216 --- [SpringContextShutdownHook] o.s.s.concurrent.ThreadPoolTaskExecutor  : Shutting down ExecutorService 'applicationTaskExecutor'
2019-11-10 08:41:02.115  INFO 18216 --- [SpringContextShutdownHook] j.LocalContainerEntityManagerFactoryBean : Closing JPA EntityManagerFactory for persistence unit 'default'
2019-11-10 08:41:02.117  INFO 18216 --- [SpringContextShutdownHook] com.zaxxer.hikari.HikariDataSource       : HikariPool-1 - Shutdown initiated...
2019-11-10 08:41:02.125  INFO 18216 --- [SpringContextShutdownHook] com.zaxxer.hikari.HikariDataSource       : HikariPool-1 - Shutdown completed.
